# ticket number = start_or_end --> time:stamp      
2017.10.27.     
533 = s --> 14:00     done
533 = e --> 14:41   UI_debug and stuff      done
533 = s --> 14:56         done
533 = e --> 15:14         done
533 = e --> 15:22         done
2017.10.27.     
533 = s --> 10:12         done
533 = e --> 10:55        done
533 = s --> 11:20         done
533 = s --> 12:12         done
533 = s --> 12:50        done
533 = s --> 12:12         done
533 = e --> 14:35         done
533 = s --> 14:45        done
533 = e --> 15:52         done
533 = e --> 17:30        done
533 = S --> 17:39         done
2017.10.31.     
45 = s --> 12:50        done
45 = e --> 12:57        done
45 = s --> 13:00        done
2017.11.2.      
6225 = s --> 10:8         done
6225 = e --> 10:36         done
8237 = s --> 12:20        done
8237 = e --> 12:28         done
8237 = s --> 12:50        done
8237 = e --> 12:52          done
1111 = S --> 16:02	 " " done
1111 = e --> 16:02	 " " done
1112 = s --> 16:02	 " " done
1112 = e --> 16:02	 " " done
8237 = s --> 16:35	 " " done
8237 = e --> 16:39	 " " done
8237 = s --> 16:46	 " " done
8237 = e --> 17:13	 " " done
8237 = s --> 17:18	 " " done
8237 = e --> 17:18	 " " done
8237 = s --> 17:29	 " " done
8237 = e --> 17:41	 " " done
2017.11.3.
8024 = s --> 10:58	 " " done
8024 = e --> 11:29	 " " done
8024 = s --> 13:17	 " " done
8024 = e --> 13:41	 " " done
8024 = s --> 15:06	 " " done
8024 = e --> 16:23	 " " done
8024 = s --> 17:28	 " " done
8024 = e --> 17:30	 " " done
8024 = s --> 17:59	 " " done
8024 = e --> 19:14	 " " done
2017.11.6.
8024 = s --> 11:23	 " " done
8024 = e --> 11:49	 " " done
533 = s --> 11:51	 " " done
533 = e --> 11:58	 " " done
533 = s --> 12:58	 " " done
533 = e --> 13:11	 " " done
45 = s --> 13:11	 " " done
45 = e --> 14:32	 " " done
533 = s --> 15:36	 " " done
533 = e --> 15:49	 " " done
533 = s --> 16:26  " " done
533 = e --> 17:29  " " done
8237 = s --> 19:53	 " " done
8237 = e --> 19:53	 " " done
8237 = s --> 19:56	 " " done
8237 = e --> 19:57	 " " done
8221 = s --> 19:59	 " " done
8221 = e --> 20:11	 " " done
8221 = s --> 20:25	 " " done
8221 = e --> 20:33	 " " done
8221 = s --> 11:10	 " " done
8221 = e --> 11:26	 " " done
8024 = s --> 13:06	 " " done
8024 = e --> 13:11	 " " done
8024 = s --> 13:15	 " " done
8024 = e --> 13:16	 " " done
8024 = s --> 13:29	 " " done
8024 = e --> 13:32	 " " done
8024 = s --> 13:40	 " " done
8024 = e --> 13:42	 " " done
8237 = s --> 13:44	 " " done
8237 = e --> 14:26	 " " done
8024 = s --> 14:48	 " " done
8024 = e --> 15:05	 " " done
8221 = s --> 16:29	 " " done
8221 = e --> 17:04	 " " done
2017.11.8.
766 = s --> 13:03	 " " done
766 = e --> 14:32	 " " done
766 = s --> 14:57	 " " done
766 = s --> 18:09	 " " done
766 = e --> 19:45	 " " done
766 = s --> 19:48	 " " done
766 = e --> 19:55	 " " done
766 = s --> 20:06	 " " done
766 = e --> 20:36	 " " done
2017.11.09.
766 = s --> 08:39	 " " done
766 = e --> 12:06	 " " done
766 = s --> 14:07	 " " done
766 = e --> 14:59	 " " done
766 = s --> 15:03	 " " done
766 = e --> 21:04	 " " done
2017.11.13.
8024 = s --> 10:32	 " " done
8024 = e --> 10:46	 " " done
8024 = s --> 11:25	 " " done
8024 = e --> 11:25	 " " done
8024 = s --> 12:55	 " " done
8024 = e --> 13:27	 " " done
8225 = s --> 13:27	 " " done
8225 = e --> 13:41	 " " done
8024 = s --> 15:47	 " " done
8024 = e --> 15:58	 " " done
8225 = s --> 16:24	 " " done
8225 = e --> 17:30	 " " done
2017.11.14.
8024 = s --> 10:37	 " " done
8024 = e --> 11:37	 " " done
8024 = s --> 11:37	 " " done
8024 = e --> 11:52	 " " done
7936 = s --> 13:08	 " " done
7936 = e --> 14:00	 " " done
8024 = s --> 18:04	 " " done
8024 = e --> 18:24	 " " done
2017.11.15.
8237 = s --> 08:07	 " " done
8237 = e --> 08:13	 " " done
8237 = s --> 08:16	 " " done
8237 = e --> 08:16	 " " done
8237 = s --> 08:28	 " " done
8237 = e --> 08:50	 " " done
8237 = s --> 08:54	 " " done
8237 = e --> 08:56	 " " done
7936 = s --> 09:28	 " " done
7936 = e --> 09:39	 " " done
7936 = s --> 11:48	 " " done 
7936 = e --> 13:10	 " " done
8225 = s --> 13:20   " " done
8225 = e --> 14:09   " " done
8225 = s --> 15:02	 " " done
8225 = e --> 17:18	 " " done
8225 = s --> 17:27	 " " done
8225 = e --> 17:54	 " " done
7936 = s --> 17:54	 " " done
7936 = e --> 18:01	 " " done
8225 = s --> 19:05	 " " done
2017.11.16.
8024 = s --> 11:11	 " " done
8024 = e --> 13:21	 " " done
8024 = s --> 14:01	 " " done
8024 = e --> 14:11	 " " done
8225 = s --> 14:13	 " " done
8225 = e --> 15:04	 " " done
7936 = s --> 15:04	 " " done
7936 = e --> 15:09	 " " done
8225 = s --> 16:08	 " " done
8225 = e --> 17:18	 " " done
2017.11.17.
8225 = s --> 14:55	 " " done
8225 = e --> 16:34	 " " done
2017.11.20.
2017.11.22.
8237 = s --> 13:32	 " " done
8237 = e --> 16:11	 " " done
8225 = s --> 16:22	 " " done
8225 = e --> 17:15	 " " done
2017.11.22.
2017.11.27.
795 = s --> 11:22	 " " done
795 = e --> 15:34	 " " done
2017.11.27.
795 = s --> 16:23	 " " done
795 = e --> 16:54	 " " done
795 = s --> 17:09	 " " done
795 = e --> 17:16	 " " done
795 = s --> 17:17	 " " done
795 = e --> 17:34	 " " done
795 = s --> 18:09	 " " done
2017.11.27.
2017.11.28.
795 = s --> 10:28	 " " done
795 = e --> 11:37	 " " done
2017.11.28.
424 = s --> 13:26	 " " done
424 = e --> 18:25	 " " done
2017.11.28.
2017.11.29.
795 = s --> 11:49	 " " done
795 = e --> 11:56	 " " done
424 = s --> 11:57	 " " done
424 = e --> 12:42	 " " done
509 = s --> 15:40	 " " done
509 = e --> 15:42	 " " done
424 = s --> 16:03	 " " done
424 = e --> 18:59	 " " done
2017.12.04.
191 = s --> 13:34	 " " done
191 = e --> 13:34	 " " done
191 = s --> 13:37	 " " done
191 = e --> 15:02	 " " done
191 = s --> 15:03	 " " done
191 = e --> 16:12	 " " done
191 = s --> 16:29	 " " done
191 = e --> 19:07	 " " done
2017.12.05.
191 = s --> 10:37	 " " done
191 = e --> 13:22	 " " done
191 = s --> 15:30	 " " done
191 = e --> 15:55	 " " done
2017.12.06.
509 = s --> 11:00	 " " done
509 = e --> 11:30	 " " done
424 = s --> 13:49	 " " done
424 = e --> 15:07	 " " done
2017.12.08.
835 = s --> 13:14	 " " done
835 = e --> 15:43	 " " done
836 = s --> 16:00	 " " done
836 = e --> 18:45	 " " done
2017.12.11.
2017.12.12.
41 = s --> 16:11	 " " done
41 = e --> 17:47	 " " done
2017.12.13.
258 = s --> 10:13	 " " done
258 = e --> 10:44	 " " done
258 = s --> 13:14	 " " done
258 = e --> 15:40	 " " done
2017.12.15.
836 = s --> 09:36	 " " done
836 = e --> 10:00	 " " done
836 = s --> 10:16	 " " done
836 = e --> 16:04	 " " done
2017.12.18.
836 = s --> 12:44	 " " done
836 = e --> 10:12	 " " done
2017.12.19.
836 = s --> 10:27	 " " done
836 = e --> 15:33	 " " done
2017.12.20.
836 = s --> 13:11	 " " done
836 = e --> 14:16	 " " done
836 = s --> 14:36  " " done
836 = e --> 16:36  " " done
836 = s --> 17:56	 " " done
836 = e --> 20:20	 " " done
2017.12.21.
836 = s --> 10:34	 " " done
836 = e --> 16:41	 " " done
